<?xml version="1.0" encoding="UTF-8"?>
<!-- Generated by org.testng.reporters.JUnitReportReporter -->
<testsuite hostname="CC-LT001062" failures="0" tests="1" name="api.tests.UserTests" time="6.179" errors="0" timestamp="2024-02-23T10:26:45 IST" skipped="0">
  <testcase classname="api.tests.UserTests" name="postUsers" time="6.179"/>
</testsuite> <!-- api.tests.UserTests -->
